<?xml version="1.0" encoding="UTF-8"?>
<!-- Generated by org.testng.reporters.JUnitXMLReporter -->
<testsuite ignored="0" hostname="DESKTOP-O64HKFI" failures="1" tests="3" name="Test" time="0.094" errors="0" timestamp="2023-06-30T10:36:34 IST">
  <testcase classname="testLisner.runner1" name="test1" time="0.021"/>
  <testcase classname="testLisner.runner1" name="test2" time="0.007">
    <failure type="java.lang.AssertionError" message="null">
      <![CDATA[java.lang.AssertionError: null
at testLisner.runner1.test2(runner1.java:15)
at java.base/java.util.ArrayList.forEach(ArrayList.java:1511)
... Removed 27 stack frames]]>
    </failure>
  </testcase> <!-- test2 -->
  <testcase classname="testLisner.runner1" name="test3" time="0.001">
    <skipped/>
  </testcase> <!-- test3 -->
</testsuite> <!-- Test -->
