<?xml version="1.0" encoding="UTF-8"?>
<testng-results ignored="0" total="1" passed="1" failed="0" skipped="0">
  <reporter-output>
  </reporter-output>
  <suite started-at="2023-07-04T17:00:19 IST" name="Default suite" finished-at="2023-07-04T17:00:26 IST" duration-ms="7615">
    <groups>
    </groups>
    <test started-at="2023-07-04T17:00:19 IST" name="Default test" finished-at="2023-07-04T17:00:26 IST" duration-ms="7615">
      <class name="practice.Selecttry">
        <test-method signature="selectby()[pri:0, instance:practice.Selecttry@55634720]" started-at="2023-07-04T17:00:19 IST" name="selectby" finished-at="2023-07-04T17:00:26 IST" duration-ms="7553" status="PASS">
          <reporter-output>
          </reporter-output>
        </test-method> <!-- selectby -->
      </class> <!-- practice.Selecttry -->
    </test> <!-- Default test -->
  </suite> <!-- Default suite -->
</testng-results>
